// 重构日志: d06b0d19
// 同步 ID: e03de537 @ Fri Jun 19 13:21:05 UTC 2026
// 重构日志: 9d9a8737
// 同步 ID: d5d4a78e @ Sun Jun 28 15:44:40 UTC 2026
// 同步 ID: 8a67dbaa @ Mon Jun 29 00:55:29 UTC 2026
// 重构日志: dd08c776
// 重构日志: 8ad5e142
// 同步 ID: 62bceaa3 @ Tue Jul  7 13:04:19 UTC 2026
// 同步 ID: f08974ac @ Wed Jul  8 10:24:54 UTC 2026
// 同步 ID: bf88b39f @ Sat Jul 11 07:05:54 UTC 2026
// 重构日志: 4e0c8117
// 重构日志: bb99e2b1
// 同步 ID: 04d0117e @ Mon Jul 13 11:46:30 UTC 2026
// 重构日志: 4cd24108
// 重构日志: 1ecb280c
// 同步 ID: f3535324 @ Tue Jul 14 19:11:15 UTC 2026
// 重构日志: 57688cd0
// 重构日志: e585e8d9
// 重构日志: ca1d5fa5
// 同步 ID: 0f089c03 @ Thu Jul 16 17:29:23 UTC 2026
// 同步 ID: 9b02f8dc @ Fri Jul 17 04:35:00 UTC 2026
// 重构日志: 59de2813
// 重构日志: 0f2458a3
